Thu 21 Mar 2024 02:48:14 PM UTC: 
 exercises.c | 6 ++++++
 1 file changed, 6 insertions(+)
In file included from test.c:5:
exercises.c: In function ‘crea_lista’:
exercises.c:50:6: error: implicit declaration of function ‘push_back’; did you mean ‘pushBack’? [-Werror=implicit-function-declaration]
   50 |      push_back(L, elemento);
      |      ^~~~~~~~~
      |      pushBack
cc1: all warnings being treated as errors
Compilation failed
05b6c17
Thu 21 Mar 2024 02:48:34 PM UTC: 
 exercises.c | 2 +-
 1 file changed, 1 insertion(+), 1 deletion(-)
In file included from test.c:5:
exercises.c: In function ‘crea_lista’:
exercises.c:50:6: error: implicit declaration of function ‘pushback’; did you mean ‘pushBack’? [-Werror=implicit-function-declaration]
   50 |      pushback(L, elemento);
      |      ^~~~~~~~
      |      pushBack
cc1: all warnings being treated as errors
Compilation failed
142894a
Thu 21 Mar 2024 02:48:51 PM UTC: 
 exercises.c | 2 +-
 1 file changed, 1 insertion(+), 1 deletion(-)
 tests:  1|4
total_score: 10/70
c101523
Thu 21 Mar 2024 02:51:42 PM UTC: 
 exercises.c | 10 +++++++++-
 1 file changed, 9 insertions(+), 1 deletion(-)
In file included from test.c:5:
exercises.c: In function ‘sumaLista’:
exercises.c:62:22: error: implicit declaration of function ‘firts’; did you mean ‘first’? [-Werror=implicit-function-declaration]
   62 |    int *dato = (int*)firts(L);
      |                      ^~~~~
      |                      first
exercises.c:62:16: error: cast to pointer from integer of different size [-Werror=int-to-pointer-cast]
   62 |    int *dato = (int*)firts(L);
      |                ^
exercises.c:67:27: error: expected statement before ‘)’ token
   67 |      dato = (int*)next(L);)
      |                           ^
cc1: all warnings being treated as errors
Compilation failed
7f61db7
Thu 21 Mar 2024 02:52:08 PM UTC: 
 exercises.c | 2 +-
 1 file changed, 1 insertion(+), 1 deletion(-)
In file included from test.c:5:
exercises.c: In function ‘sumaLista’:
exercises.c:62:22: error: implicit declaration of function ‘firts’; did you mean ‘first’? [-Werror=implicit-function-declaration]
   62 |    int *dato = (int*)firts(L);
      |                      ^~~~~
      |                      first
exercises.c:62:16: error: cast to pointer from integer of different size [-Werror=int-to-pointer-cast]
   62 |    int *dato = (int*)firts(L);
      |                ^
cc1: all warnings being treated as errors
Compilation failed
24a1944
Thu 21 Mar 2024 03:00:39 PM UTC: 
 exercises.c | 3 ++-
 1 file changed, 2 insertions(+), 1 deletion(-)
In file included from test.c:5:
exercises.c: In function ‘sumaLista’:
exercises.c:63:17: error: implicit declaration of function ‘firts’; did you mean ‘first’? [-Werror=implicit-function-declaration]
   63 |    dato = (int*)firts(L);
      |                 ^~~~~
      |                 first
exercises.c:63:11: error: cast to pointer from integer of different size [-Werror=int-to-pointer-cast]
   63 |    dato = (int*)firts(L);
      |           ^
cc1: all warnings being treated as errors
Compilation failed
5dce416
Thu 21 Mar 2024 03:01:26 PM UTC: 
 exercises.c | 6 ++----
 1 file changed, 2 insertions(+), 4 deletions(-)
 tests:  2|3
total_score: 20/70
6fb5977
Thu 21 Mar 2024 03:02:31 PM UTC: 
 exercises.c | 8 ++++++++
 1 file changed, 8 insertions(+)
In file included from test.c:5:
exercises.c: In function ‘eliminaElementos’:
exercises.c:82:22: error: expected expression before ‘List’
   82 |   dato = (int*)first(List *L)
      |                      ^~~~
exercises.c:82:30: error: expected ‘;’ before ‘while’
   82 |   dato = (int*)first(List *L)
      |                              ^
      |                              ;
   83 |   while (dato != NULL){
      |   ~~~~~                       
exercises.c:81:8: error: variable ‘dato’ set but not used [-Werror=unused-but-set-variable]
   81 |   int *dato;
      |        ^~~~
cc1: all warnings being treated as errors
Compilation failed
b879eeb
Thu 21 Mar 2024 03:02:47 PM UTC: 
 exercises.c | 2 +-
 1 file changed, 1 insertion(+), 1 deletion(-)
In file included from test.c:5:
exercises.c: In function ‘eliminaElementos’:
exercises.c:82:22: error: expected expression before ‘List’
   82 |   dato = (int*)first(List *L);
      |                      ^~~~
Compilation failed
1b51f89
Thu 21 Mar 2024 03:03:08 PM UTC: 
 exercises.c | 2 +-
 1 file changed, 1 insertion(+), 1 deletion(-)
 tests:  3|2
total_score: 40/70
77752d0
Thu 21 Mar 2024 03:04:33 PM UTC: 
 exercises.c | 8 ++++++++
 1 file changed, 8 insertions(+)
In file included from test.c:5:
exercises.c: In function ‘copia_pila’:
exercises.c:105:3: error: this ‘while’ clause does not guard... [-Werror=misleading-indentation]
  105 |   while((dato = pop(aux)) != NULL)
      |   ^~~~~
exercises.c:107:5: note: ...this statement, but the latter is misleadingly indented as if it were guarded by the ‘while’
  107 |     push(P2, dato);
      |     ^~~~
cc1: all warnings being treated as errors
Compilation failed
96d381c
Thu 21 Mar 2024 03:05:51 PM UTC: 
 exercises.c | 3 ++-
 1 file changed, 2 insertions(+), 1 deletion(-)
 tests:  4|1
total_score: 50/70
a128957
Thu 21 Mar 2024 03:07:49 PM UTC: 
 exercises.c | 11 +++++++++++
 1 file changed, 11 insertions(+)
In file included from test.c:5:
exercises.c: In function ‘parentesisBalanceados’:
exercises.c:124:16: error: implicit declaration of function ‘is_empty’ [-Werror=implicit-function-declaration]
  124 |             if(is_empty(pila)) {
      |                ^~~~~~~~
cc1: all warnings being treated as errors
Compilation failed
8934049
Thu 21 Mar 2024 03:12:21 PM UTC: 
 exercises.c | 4 ++--
 1 file changed, 2 insertions(+), 2 deletions(-)
In file included from test.c:5:
exercises.c: In function ‘parentesisBalanceados’:
exercises.c:124:20: error: invalid use of incomplete typedef ‘Stack’ {aka ‘List’}
  124 |             if(pila->top == NULL) {
      |                    ^~
exercises.c:130:16: error: invalid use of incomplete typedef ‘Stack’ {aka ‘List’}
  130 |     return pila->top == NULL;
      |                ^~
exercises.c:131:1: error: control reaches end of non-void function [-Werror=return-type]
  131 | }
      | ^
cc1: all warnings being treated as errors
Compilation failed
f852505
Thu 21 Mar 2024 03:15:18 PM UTC: 
 exercises.c | 14 +++++++++-----
 1 file changed, 9 insertions(+), 5 deletions(-)
 tests:  7|1
total_score: 60/70
6b12ee8
Thu 21 Mar 2024 03:20:27 PM UTC: 
 exercises.c | 9 +++++++--
 1 file changed, 7 insertions(+), 2 deletions(-)
 tests:  9|0
total_score: 70/70
9f74a9f
